2018-12-21 14:29:21 756  [restartedMain] INFO  c.g.xinbaoli.XinbaoliApplication - Starting XinbaoliApplication on MS-20170621IRDW with PID 4576 (D:\GongZhaoDev\Administrator\eclipse-workspace-tianti\xinbaoli\target\classes started by Administrator in D:\GongZhaoDev\Administrator\eclipse-workspace-tianti\xinbaoli) 
2018-12-21 14:29:21 765  [restartedMain] INFO  c.g.xinbaoli.XinbaoliApplication - The following profiles are active: dev 
2018-12-21 14:29:21 827  [restartedMain] INFO  o.s.b.c.e.AnnotationConfigEmbeddedWebApplicationContext - Refreshing org.springframework.boot.context.embedded.AnnotationConfigEmbeddedWebApplicationContext@36e46c1: startup date [Fri Dec 21 14:29:21 GMT+08:00 2018]; root of context hierarchy 
2018-12-21 14:29:21 1141 [background-preinit] INFO  o.h.validator.internal.util.Version - HV000001: Hibernate Validator 5.3.5.Final 
2018-12-21 14:29:23 2724 [restartedMain] INFO  o.s.c.s.PostProcessorRegistrationDelegate$BeanPostProcessorChecker - Bean 'shiroConfiguration' of type [com.george.xinbaoli.configuration.ShiroConfiguration$$EnhancerBySpringCGLIB$$48f2279e] is not eligible for getting processed by all BeanPostProcessors (for example: not eligible for auto-proxying) 
2018-12-21 14:29:23 2735 [restartedMain] INFO  o.s.c.s.PostProcessorRegistrationDelegate$BeanPostProcessorChecker - Bean 'org.springframework.transaction.annotation.ProxyTransactionManagementConfiguration' of type [org.springframework.transaction.annotation.ProxyTransactionManagementConfiguration$$EnhancerBySpringCGLIB$$33884be0] is not eligible for getting processed by all BeanPostProcessors (for example: not eligible for auto-proxying) 
2018-12-21 14:29:23 2793 [restartedMain] INFO  c.g.x.c.ShiroConfiguration - myRealm注册完成 
2018-12-21 14:29:23 2886 [restartedMain] INFO  o.s.c.s.PostProcessorRegistrationDelegate$BeanPostProcessorChecker - Bean 'mybatis-org.mybatis.spring.boot.autoconfigure.MybatisProperties' of type [org.mybatis.spring.boot.autoconfigure.MybatisProperties] is not eligible for getting processed by all BeanPostProcessors (for example: not eligible for auto-proxying) 
2018-12-21 14:29:23 2899 [restartedMain] INFO  o.s.c.s.PostProcessorRegistrationDelegate$BeanPostProcessorChecker - Bean 'org.mybatis.spring.boot.autoconfigure.MybatisAutoConfiguration' of type [org.mybatis.spring.boot.autoconfigure.MybatisAutoConfiguration$$EnhancerBySpringCGLIB$$665c9d10] is not eligible for getting processed by all BeanPostProcessors (for example: not eligible for auto-proxying) 
2018-12-21 14:29:23 2908 [restartedMain] INFO  o.s.c.s.PostProcessorRegistrationDelegate$BeanPostProcessorChecker - Bean 'baseDataSource' of type [com.george.xinbaoli.configuration.BaseDataSource$$EnhancerBySpringCGLIB$$64f72e4f] is not eligible for getting processed by all BeanPostProcessors (for example: not eligible for auto-proxying) 
2018-12-21 14:29:23 3221 [restartedMain] INFO  o.s.c.s.PostProcessorRegistrationDelegate$BeanPostProcessorChecker - Bean 'dataSource' of type [com.alibaba.druid.pool.DruidDataSource] is not eligible for getting processed by all BeanPostProcessors (for example: not eligible for auto-proxying) 
2018-12-21 14:29:23 3234 [restartedMain] INFO  o.s.c.s.PostProcessorRegistrationDelegate$BeanPostProcessorChecker - Bean 'org.springframework.boot.autoconfigure.jdbc.DataSourceAutoConfiguration' of type [org.springframework.boot.autoconfigure.jdbc.DataSourceAutoConfiguration$$EnhancerBySpringCGLIB$$157bef40] is not eligible for getting processed by all BeanPostProcessors (for example: not eligible for auto-proxying) 
2018-12-21 14:29:23 3267 [restartedMain] INFO  o.s.c.s.PostProcessorRegistrationDelegate$BeanPostProcessorChecker - Bean 'spring.datasource-org.springframework.boot.autoconfigure.jdbc.DataSourceProperties' of type [org.springframework.boot.autoconfigure.jdbc.DataSourceProperties] is not eligible for getting processed by all BeanPostProcessors (for example: not eligible for auto-proxying) 
2018-12-21 14:29:23 3280 [restartedMain] INFO  o.s.c.s.PostProcessorRegistrationDelegate$BeanPostProcessorChecker - Bean 'dataSourceInitializer' of type [org.springframework.boot.autoconfigure.jdbc.DataSourceInitializer] is not eligible for getting processed by all BeanPostProcessors (for example: not eligible for auto-proxying) 
2018-12-21 14:29:23 3466 [restartedMain] INFO  o.s.c.s.PostProcessorRegistrationDelegate$BeanPostProcessorChecker - Bean 'sqlSessionFactory' of type [org.apache.ibatis.session.defaults.DefaultSqlSessionFactory] is not eligible for getting processed by all BeanPostProcessors (for example: not eligible for auto-proxying) 
2018-12-21 14:29:23 3478 [restartedMain] INFO  o.s.c.s.PostProcessorRegistrationDelegate$BeanPostProcessorChecker - Bean 'sqlSessionTemplate' of type [org.mybatis.spring.SqlSessionTemplate] is not eligible for getting processed by all BeanPostProcessors (for example: not eligible for auto-proxying) 
2018-12-21 14:29:23 3479 [restartedMain] INFO  o.s.c.s.PostProcessorRegistrationDelegate$BeanPostProcessorChecker - Bean 'userInfoMapper' of type [org.mybatis.spring.mapper.MapperFactoryBean] is not eligible for getting processed by all BeanPostProcessors (for example: not eligible for auto-proxying) 
2018-12-21 14:29:23 3481 [restartedMain] INFO  o.s.c.s.PostProcessorRegistrationDelegate$BeanPostProcessorChecker - Bean 'userInfoMapper' of type [com.sun.proxy.$Proxy63] is not eligible for getting processed by all BeanPostProcessors (for example: not eligible for auto-proxying) 
2018-12-21 14:29:23 3534 [restartedMain] INFO  o.s.c.s.PostProcessorRegistrationDelegate$BeanPostProcessorChecker - Bean 'baseMapper' of type [org.mybatis.spring.mapper.MapperFactoryBean] is not eligible for getting processed by all BeanPostProcessors (for example: not eligible for auto-proxying) 
2018-12-21 14:29:23 3536 [restartedMain] INFO  o.s.c.s.PostProcessorRegistrationDelegate$BeanPostProcessorChecker - Bean 'baseMapper' of type [com.sun.proxy.$Proxy65] is not eligible for getting processed by all BeanPostProcessors (for example: not eligible for auto-proxying) 
2018-12-21 14:29:23 3539 [restartedMain] INFO  o.s.c.s.PostProcessorRegistrationDelegate$BeanPostProcessorChecker - Bean 'baseServie' of type [com.george.xinbaoli.service.impl.BaseServiceClientImpl] is not eligible for getting processed by all BeanPostProcessors (for example: not eligible for auto-proxying) 
2018-12-21 14:29:23 3540 [restartedMain] INFO  o.s.c.s.PostProcessorRegistrationDelegate$BeanPostProcessorChecker - Bean 'userService' of type [com.george.xinbaoli.service.impl.UserServiceImpl] is not eligible for getting processed by all BeanPostProcessors (for example: not eligible for auto-proxying) 
2018-12-21 14:29:23 3541 [restartedMain] INFO  o.s.c.s.PostProcessorRegistrationDelegate$BeanPostProcessorChecker - Bean 'myRealm' of type [com.george.xinbaoli.common.MyRealm] is not eligible for getting processed by all BeanPostProcessors (for example: not eligible for auto-proxying) 
2018-12-21 14:29:24 3958 [restartedMain] INFO  c.g.x.c.ShiroConfiguration - securityManager注册完成 
2018-12-21 14:29:24 3989 [restartedMain] INFO  o.s.c.s.PostProcessorRegistrationDelegate$BeanPostProcessorChecker - Bean 'securityManager' of type [org.apache.shiro.web.mgt.DefaultWebSecurityManager] is not eligible for getting processed by all BeanPostProcessors (for example: not eligible for auto-proxying) 
2018-12-21 14:29:24 4006 [restartedMain] INFO  c.g.x.c.ShiroConfiguration - shiroFilter注册完成 
2018-12-21 14:29:24 4585 [restartedMain] INFO  o.s.b.c.e.t.TomcatEmbeddedServletContainer - Tomcat initialized with port(s): 8080 (http) 
2018-12-21 14:29:24 4601 [restartedMain] INFO  o.a.catalina.core.StandardService - Starting service [Tomcat] 
2018-12-21 14:29:24 4602 [restartedMain] INFO  o.a.catalina.core.StandardEngine - Starting Servlet Engine: Apache Tomcat/8.5.16 
2018-12-21 14:29:25 4730 [localhost-startStop-1] INFO  o.a.c.c.C.[Tomcat].[localhost].[/] - Initializing Spring embedded WebApplicationContext 
2018-12-21 14:29:25 4731 [localhost-startStop-1] INFO  o.s.web.context.ContextLoader - Root WebApplicationContext: initialization completed in 3904 ms 
2018-12-21 14:29:25 4907 [localhost-startStop-1] INFO  o.s.b.w.s.ServletRegistrationBean - Mapping servlet: 'dispatcherServlet' to [/] 
2018-12-21 14:29:25 4911 [localhost-startStop-1] INFO  o.s.b.w.s.FilterRegistrationBean - Mapping filter: 'characterEncodingFilter' to: [/*] 
2018-12-21 14:29:25 4911 [localhost-startStop-1] INFO  o.s.b.w.s.FilterRegistrationBean - Mapping filter: 'hiddenHttpMethodFilter' to: [/*] 
2018-12-21 14:29:25 4911 [localhost-startStop-1] INFO  o.s.b.w.s.FilterRegistrationBean - Mapping filter: 'httpPutFormContentFilter' to: [/*] 
2018-12-21 14:29:25 4911 [localhost-startStop-1] INFO  o.s.b.w.s.FilterRegistrationBean - Mapping filter: 'requestContextFilter' to: [/*] 
2018-12-21 14:29:25 4912 [localhost-startStop-1] INFO  o.s.b.w.s.FilterRegistrationBean - Mapping filter: 'shiroFilter' to: [/*] 
2018-12-21 14:29:25 5610 [restartedMain] INFO  c.a.druid.pool.DruidDataSource - {dataSource-1,test} inited 
2018-12-21 14:29:26 6307 [restartedMain] INFO  o.a.engine.impl.ProcessEngineImpl - ProcessEngine default created 
2018-12-21 14:29:26 6308 [restartedMain] INFO  o.a.e.i.a.AbstractAsyncJobExecutor - Starting up the default async job executor [org.activiti.spring.SpringAsyncExecutor]. 
2018-12-21 14:29:26 6309 [Thread-5] INFO  o.a.e.i.a.AcquireTimerJobsRunnable - starting to acquire async jobs due 
2018-12-21 14:29:26 6309 [Thread-6] INFO  o.a.e.i.a.AcquireAsyncJobsDueRunnable - starting to acquire async jobs due 
2018-12-21 14:29:26 6348 [restartedMain] INFO  o.a.e.i.bpmn.deployer.BpmnDeployer - Processing resource D:\GongZhaoDev\Administrator\eclipse-workspace-tianti\xinbaoli\target\classes\processes\demo1.bpmn 
2018-12-21 14:29:27 6816 [restartedMain] INFO  o.a.e.i.bpmn.deployer.BpmnDeployer - Processing resource D:\GongZhaoDev\Administrator\eclipse-workspace-tianti\xinbaoli\target\classes\processes\customerApplyFlow.bpmn 
2018-12-21 14:29:27 6861 [restartedMain] INFO  o.a.e.i.a.AbstractAsyncJobExecutor - Shutting down the default async job executor [org.activiti.spring.SpringAsyncExecutor]. 
2018-12-21 14:29:27 6861 [Thread-5] INFO  o.a.e.i.a.AcquireTimerJobsRunnable - stopped async job due acquisition 
2018-12-21 14:29:27 6861 [Thread-6] INFO  o.a.e.i.a.AcquireAsyncJobsDueRunnable - stopped async job due acquisition 
2018-12-21 14:29:27 6864 [restartedMain] INFO  c.a.druid.pool.DruidDataSource - {dataSource-1} closed 
2018-12-21 14:29:27 6867 [restartedMain] INFO  o.a.catalina.core.StandardService - Stopping service [Tomcat] 
2018-12-21 14:29:27 6888 [restartedMain] INFO  o.s.b.a.l.AutoConfigurationReportLoggingInitializer - 

Error starting ApplicationContext. To display the auto-configuration report re-run your application with 'debug' enabled. 
2018-12-21 15:10:21 720  [restartedMain] INFO  c.g.xinbaoli.XinbaoliApplication - Starting XinbaoliApplication on MS-20170621IRDW with PID 2740 (D:\GongZhaoDev\Administrator\eclipse-workspace-tianti\xinbaoli\target\classes started by Administrator in D:\GongZhaoDev\Administrator\eclipse-workspace-tianti\xinbaoli) 
2018-12-21 15:10:21 720  [restartedMain] INFO  c.g.xinbaoli.XinbaoliApplication - The following profiles are active: dev 
2018-12-21 15:10:22 774  [restartedMain] INFO  o.s.b.c.e.AnnotationConfigEmbeddedWebApplicationContext - Refreshing org.springframework.boot.context.embedded.AnnotationConfigEmbeddedWebApplicationContext@2c78e214: startup date [Fri Dec 21 15:10:22 GMT+08:00 2018]; root of context hierarchy 
2018-12-21 15:10:22 1013 [background-preinit] INFO  o.h.validator.internal.util.Version - HV000001: Hibernate Validator 5.3.5.Final 
2018-12-21 15:10:23 2603 [restartedMain] INFO  o.s.c.s.PostProcessorRegistrationDelegate$BeanPostProcessorChecker - Bean 'shiroConfiguration' of type [com.george.xinbaoli.configuration.ShiroConfiguration$$EnhancerBySpringCGLIB$$d7c49850] is not eligible for getting processed by all BeanPostProcessors (for example: not eligible for auto-proxying) 
2018-12-21 15:10:23 2614 [restartedMain] INFO  o.s.c.s.PostProcessorRegistrationDelegate$BeanPostProcessorChecker - Bean 'org.springframework.transaction.annotation.ProxyTransactionManagementConfiguration' of type [org.springframework.transaction.annotation.ProxyTransactionManagementConfiguration$$EnhancerBySpringCGLIB$$c25abc92] is not eligible for getting processed by all BeanPostProcessors (for example: not eligible for auto-proxying) 
2018-12-21 15:10:23 2669 [restartedMain] INFO  c.g.x.c.ShiroConfiguration - myRealm注册完成 
2018-12-21 15:10:24 2763 [restartedMain] INFO  o.s.c.s.PostProcessorRegistrationDelegate$BeanPostProcessorChecker - Bean 'mybatis-org.mybatis.spring.boot.autoconfigure.MybatisProperties' of type [org.mybatis.spring.boot.autoconfigure.MybatisProperties] is not eligible for getting processed by all BeanPostProcessors (for example: not eligible for auto-proxying) 
2018-12-21 15:10:24 2776 [restartedMain] INFO  o.s.c.s.PostProcessorRegistrationDelegate$BeanPostProcessorChecker - Bean 'org.mybatis.spring.boot.autoconfigure.MybatisAutoConfiguration' of type [org.mybatis.spring.boot.autoconfigure.MybatisAutoConfiguration$$EnhancerBySpringCGLIB$$f52f0dc2] is not eligible for getting processed by all BeanPostProcessors (for example: not eligible for auto-proxying) 
2018-12-21 15:10:24 2786 [restartedMain] INFO  o.s.c.s.PostProcessorRegistrationDelegate$BeanPostProcessorChecker - Bean 'baseDataSource' of type [com.george.xinbaoli.configuration.BaseDataSource$$EnhancerBySpringCGLIB$$f3c99f01] is not eligible for getting processed by all BeanPostProcessors (for example: not eligible for auto-proxying) 
2018-12-21 15:10:24 3074 [restartedMain] INFO  o.s.c.s.PostProcessorRegistrationDelegate$BeanPostProcessorChecker - Bean 'dataSource' of type [com.alibaba.druid.pool.DruidDataSource] is not eligible for getting processed by all BeanPostProcessors (for example: not eligible for auto-proxying) 
2018-12-21 15:10:24 3084 [restartedMain] INFO  o.s.c.s.PostProcessorRegistrationDelegate$BeanPostProcessorChecker - Bean 'org.springframework.boot.autoconfigure.jdbc.DataSourceAutoConfiguration' of type [org.springframework.boot.autoconfigure.jdbc.DataSourceAutoConfiguration$$EnhancerBySpringCGLIB$$a44e5ff2] is not eligible for getting processed by all BeanPostProcessors (for example: not eligible for auto-proxying) 
2018-12-21 15:10:24 3109 [restartedMain] INFO  o.s.c.s.PostProcessorRegistrationDelegate$BeanPostProcessorChecker - Bean 'spring.datasource-org.springframework.boot.autoconfigure.jdbc.DataSourceProperties' of type [org.springframework.boot.autoconfigure.jdbc.DataSourceProperties] is not eligible for getting processed by all BeanPostProcessors (for example: not eligible for auto-proxying) 
2018-12-21 15:10:24 3123 [restartedMain] INFO  o.s.c.s.PostProcessorRegistrationDelegate$BeanPostProcessorChecker - Bean 'dataSourceInitializer' of type [org.springframework.boot.autoconfigure.jdbc.DataSourceInitializer] is not eligible for getting processed by all BeanPostProcessors (for example: not eligible for auto-proxying) 
2018-12-21 15:10:24 3321 [restartedMain] INFO  o.s.c.s.PostProcessorRegistrationDelegate$BeanPostProcessorChecker - Bean 'sqlSessionFactory' of type [org.apache.ibatis.session.defaults.DefaultSqlSessionFactory] is not eligible for getting processed by all BeanPostProcessors (for example: not eligible for auto-proxying) 
2018-12-21 15:10:24 3334 [restartedMain] INFO  o.s.c.s.PostProcessorRegistrationDelegate$BeanPostProcessorChecker - Bean 'sqlSessionTemplate' of type [org.mybatis.spring.SqlSessionTemplate] is not eligible for getting processed by all BeanPostProcessors (for example: not eligible for auto-proxying) 
2018-12-21 15:10:24 3335 [restartedMain] INFO  o.s.c.s.PostProcessorRegistrationDelegate$BeanPostProcessorChecker - Bean 'userInfoMapper' of type [org.mybatis.spring.mapper.MapperFactoryBean] is not eligible for getting processed by all BeanPostProcessors (for example: not eligible for auto-proxying) 
2018-12-21 15:10:24 3336 [restartedMain] INFO  o.s.c.s.PostProcessorRegistrationDelegate$BeanPostProcessorChecker - Bean 'userInfoMapper' of type [com.sun.proxy.$Proxy63] is not eligible for getting processed by all BeanPostProcessors (for example: not eligible for auto-proxying) 
2018-12-21 15:10:24 3364 [restartedMain] INFO  o.s.c.s.PostProcessorRegistrationDelegate$BeanPostProcessorChecker - Bean 'baseMapper' of type [org.mybatis.spring.mapper.MapperFactoryBean] is not eligible for getting processed by all BeanPostProcessors (for example: not eligible for auto-proxying) 
2018-12-21 15:10:24 3366 [restartedMain] INFO  o.s.c.s.PostProcessorRegistrationDelegate$BeanPostProcessorChecker - Bean 'baseMapper' of type [com.sun.proxy.$Proxy65] is not eligible for getting processed by all BeanPostProcessors (for example: not eligible for auto-proxying) 
2018-12-21 15:10:24 3370 [restartedMain] INFO  o.s.c.s.PostProcessorRegistrationDelegate$BeanPostProcessorChecker - Bean 'baseServie' of type [com.george.xinbaoli.service.impl.BaseServiceClientImpl] is not eligible for getting processed by all BeanPostProcessors (for example: not eligible for auto-proxying) 
2018-12-21 15:10:24 3371 [restartedMain] INFO  o.s.c.s.PostProcessorRegistrationDelegate$BeanPostProcessorChecker - Bean 'userService' of type [com.george.xinbaoli.service.impl.UserServiceImpl] is not eligible for getting processed by all BeanPostProcessors (for example: not eligible for auto-proxying) 
2018-12-21 15:10:24 3372 [restartedMain] INFO  o.s.c.s.PostProcessorRegistrationDelegate$BeanPostProcessorChecker - Bean 'myRealm' of type [com.george.xinbaoli.common.MyRealm] is not eligible for getting processed by all BeanPostProcessors (for example: not eligible for auto-proxying) 
2018-12-21 15:10:24 3713 [restartedMain] INFO  c.g.x.c.ShiroConfiguration - securityManager注册完成 
2018-12-21 15:10:24 3730 [restartedMain] INFO  o.s.c.s.PostProcessorRegistrationDelegate$BeanPostProcessorChecker - Bean 'securityManager' of type [org.apache.shiro.web.mgt.DefaultWebSecurityManager] is not eligible for getting processed by all BeanPostProcessors (for example: not eligible for auto-proxying) 
2018-12-21 15:10:25 3743 [restartedMain] INFO  c.g.x.c.ShiroConfiguration - shiroFilter注册完成 
2018-12-21 15:10:25 4221 [restartedMain] INFO  o.s.b.c.e.t.TomcatEmbeddedServletContainer - Tomcat initialized with port(s): 8080 (http) 
2018-12-21 15:10:25 4232 [restartedMain] INFO  o.a.catalina.core.StandardService - Starting service [Tomcat] 
2018-12-21 15:10:25 4233 [restartedMain] INFO  o.a.catalina.core.StandardEngine - Starting Servlet Engine: Apache Tomcat/8.5.16 
2018-12-21 15:10:25 4347 [localhost-startStop-1] INFO  o.a.c.c.C.[Tomcat].[localhost].[/] - Initializing Spring embedded WebApplicationContext 
2018-12-21 15:10:25 4347 [localhost-startStop-1] INFO  o.s.web.context.ContextLoader - Root WebApplicationContext: initialization completed in 3573 ms 
2018-12-21 15:10:25 4551 [localhost-startStop-1] INFO  o.s.b.w.s.ServletRegistrationBean - Mapping servlet: 'dispatcherServlet' to [/] 
2018-12-21 15:10:25 4556 [localhost-startStop-1] INFO  o.s.b.w.s.FilterRegistrationBean - Mapping filter: 'characterEncodingFilter' to: [/*] 
2018-12-21 15:10:25 4557 [localhost-startStop-1] INFO  o.s.b.w.s.FilterRegistrationBean - Mapping filter: 'hiddenHttpMethodFilter' to: [/*] 
2018-12-21 15:10:25 4557 [localhost-startStop-1] INFO  o.s.b.w.s.FilterRegistrationBean - Mapping filter: 'httpPutFormContentFilter' to: [/*] 
2018-12-21 15:10:25 4557 [localhost-startStop-1] INFO  o.s.b.w.s.FilterRegistrationBean - Mapping filter: 'requestContextFilter' to: [/*] 
2018-12-21 15:10:25 4557 [localhost-startStop-1] INFO  o.s.b.w.s.FilterRegistrationBean - Mapping filter: 'shiroFilter' to: [/*] 
2018-12-21 15:10:26 5228 [restartedMain] INFO  c.a.druid.pool.DruidDataSource - {dataSource-1,test} inited 
2018-12-21 15:10:27 5944 [restartedMain] INFO  o.a.engine.impl.ProcessEngineImpl - ProcessEngine default created 
2018-12-21 15:10:27 5946 [restartedMain] INFO  o.a.e.i.a.AbstractAsyncJobExecutor - Starting up the default async job executor [org.activiti.spring.SpringAsyncExecutor]. 
2018-12-21 15:10:27 5947 [Thread-5] INFO  o.a.e.i.a.AcquireTimerJobsRunnable - starting to acquire async jobs due 
2018-12-21 15:10:27 5948 [Thread-6] INFO  o.a.e.i.a.AcquireAsyncJobsDueRunnable - starting to acquire async jobs due 
2018-12-21 15:10:27 5976 [restartedMain] INFO  o.a.e.i.bpmn.deployer.BpmnDeployer - Processing resource D:\GongZhaoDev\Administrator\eclipse-workspace-tianti\xinbaoli\target\classes\processes\demo1.bpmn 
2018-12-21 15:10:27 6337 [restartedMain] INFO  o.a.e.i.bpmn.deployer.BpmnDeployer - Processing resource D:\GongZhaoDev\Administrator\eclipse-workspace-tianti\xinbaoli\target\classes\processes\customerApplyFlow.bpmn 
2018-12-21 15:10:28 7124 [restartedMain] INFO  o.s.w.s.m.m.a.RequestMappingHandlerMapping - Mapped "{[/admin/user],methods=[POST]}" onto public java.lang.String com.george.xinbaoli.controller.AdminController.addUser(java.lang.String) 
2018-12-21 15:10:28 7125 [restartedMain] INFO  o.s.w.s.m.m.a.RequestMappingHandlerMapping - Mapped "{[/admin/testAuthorization],methods=[GET]}" onto public java.lang.String com.george.xinbaoli.controller.AdminController.testAuthorization() 
2018-12-21 15:10:28 7125 [restartedMain] INFO  o.s.w.s.m.m.a.RequestMappingHandlerMapping - Mapped "{[/admin/user],methods=[GET]}" onto public java.lang.String com.george.xinbaoli.controller.AdminController.getUser(long) 
2018-12-21 15:10:28 7125 [restartedMain] INFO  o.s.w.s.m.m.a.RequestMappingHandlerMapping - Mapped "{[/admin/user],methods=[PUT]}" onto public java.lang.String com.george.xinbaoli.controller.AdminController.updateUser(java.lang.String) 
2018-12-21 15:10:28 7126 [restartedMain] INFO  o.s.w.s.m.m.a.RequestMappingHandlerMapping - Mapped "{[/admin/user],methods=[DELETE]}" onto public java.lang.String com.george.xinbaoli.controller.AdminController.delUser(long) 
2018-12-21 15:10:28 7127 [restartedMain] INFO  o.s.w.s.m.m.a.RequestMappingHandlerMapping - Mapped "{[/auth/success]}" onto public java.lang.String com.george.xinbaoli.controller.AuthenticationController.success() 
2018-12-21 15:10:28 7127 [restartedMain] INFO  o.s.w.s.m.m.a.RequestMappingHandlerMapping - Mapped "{[/auth/login]}" onto public java.lang.String com.george.xinbaoli.controller.AuthenticationController.login() 
2018-12-21 15:10:28 7128 [restartedMain] INFO  o.s.w.s.m.m.a.RequestMappingHandlerMapping - Mapped "{[/auth/login_in],produces=[application/json;charset=UTF-8]}" onto public com.george.xinbaoli.entity.JsonBean com.george.xinbaoli.controller.AuthenticationController.loginIn(javax.servlet.http.HttpServletRequest) 
2018-12-21 15:10:28 7129 [restartedMain] INFO  o.s.w.s.m.m.a.RequestMappingHandlerMapping - Mapped "{[/customerMng/goCustomerMngPage]}" onto public java.lang.String com.george.xinbaoli.controller.CustomerMngController.goCustomerMngPage() 
2018-12-21 15:10:28 7129 [restartedMain] INFO  o.s.w.s.m.m.a.RequestMappingHandlerMapping - Mapped "{[/customerMng/queryCustomer]}" onto public java.util.Map<java.lang.String, java.lang.Object> com.george.xinbaoli.controller.CustomerMngController.queryCustomer(int,int) 
2018-12-21 15:10:28 7129 [restartedMain] INFO  o.s.w.s.m.m.a.RequestMappingHandlerMapping - Mapped "{[/customerMng/saveCustomer]}" onto public java.lang.String com.george.xinbaoli.controller.CustomerMngController.saveCustomer(org.springframework.ui.Model,com.george.xinbaoli.entity.cu.Customer) 
2018-12-21 15:10:28 7130 [restartedMain] INFO  o.s.w.s.m.m.a.RequestMappingHandlerMapping - Mapped "{[/errorPage/404]}" onto public java.lang.String com.george.xinbaoli.controller.ErrorPageController.http404() 
2018-12-21 15:10:28 7130 [restartedMain] INFO  o.s.w.s.m.m.a.RequestMappingHandlerMapping - Mapped "{[/errorPage/403]}" onto public java.lang.String com.george.xinbaoli.controller.ErrorPageController.http403() 
2018-12-21 15:10:28 7134 [restartedMain] INFO  o.s.w.s.m.m.a.RequestMappingHandlerMapping - Mapped "{[/workFlow/submitCmsCustomerApp]}" onto public java.lang.String com.george.xinbaoli.controller.WorkFlowController.submitCmsCustomerApp(com.george.xinbaoli.entity.cu.CmsCustomerApp) 
2018-12-21 15:10:28 7134 [restartedMain] INFO  o.s.w.s.m.m.a.RequestMappingHandlerMapping - Mapped "{[/workFlow/findTasksByUserId]}" onto public java.util.List<org.activiti.engine.task.Task> com.george.xinbaoli.controller.WorkFlowController.findTasksByUserId(javax.servlet.http.HttpServletRequest) 
2018-12-21 15:10:28 7134 [restartedMain] INFO  o.s.w.s.m.m.a.RequestMappingHandlerMapping - Mapped "{[/workFlow/firstDemo]}" onto public void com.george.xinbaoli.controller.WorkFlowController.firstDemo() 
2018-12-21 15:10:28 7139 [restartedMain] INFO  o.s.w.s.m.m.a.RequestMappingHandlerMapping - Mapped "{[/swagger-resources]}" onto public org.springframework.http.ResponseEntity<java.util.List<springfox.documentation.swagger.web.SwaggerResource>> springfox.documentation.swagger.web.ApiResourceController.swaggerResources() 
2018-12-21 15:10:28 7140 [restartedMain] INFO  o.s.w.s.m.m.a.RequestMappingHandlerMapping - Mapped "{[/swagger-resources/configuration/ui]}" onto public org.springframework.http.ResponseEntity<springfox.documentation.swagger.web.UiConfiguration> springfox.documentation.swagger.web.ApiResourceController.uiConfiguration() 
2018-12-21 15:10:28 7141 [restartedMain] INFO  o.s.w.s.m.m.a.RequestMappingHandlerMapping - Mapped "{[/swagger-resources/configuration/security]}" onto public org.springframework.http.ResponseEntity<springfox.documentation.swagger.web.SecurityConfiguration> springfox.documentation.swagger.web.ApiResourceController.securityConfiguration() 
2018-12-21 15:10:28 7145 [restartedMain] INFO  o.s.w.s.m.m.a.RequestMappingHandlerMapping - Mapped "{[/error]}" onto public org.springframework.http.ResponseEntity<java.util.Map<java.lang.String, java.lang.Object>> org.springframework.boot.autoconfigure.web.BasicErrorController.error(javax.servlet.http.HttpServletRequest) 
2018-12-21 15:10:28 7146 [restartedMain] INFO  o.s.w.s.m.m.a.RequestMappingHandlerMapping - Mapped "{[/error],produces=[text/html]}" onto public org.springframework.web.servlet.ModelAndView org.springframework.boot.autoconfigure.web.BasicErrorController.errorHtml(javax.servlet.http.HttpServletRequest,javax.servlet.http.HttpServletResponse) 
2018-12-21 15:10:28 7413 [restartedMain] INFO  s.d.s.w.PropertySourcedRequestMappingHandlerMapping - Mapped URL path [/v2/api-docs] onto method [public org.springframework.http.ResponseEntity<springfox.documentation.spring.web.json.Json> springfox.documentation.swagger2.web.Swagger2Controller.getDocumentation(java.lang.String,javax.servlet.http.HttpServletRequest)] 
2018-12-21 15:10:29 7772 [restartedMain] INFO  o.s.w.s.m.m.a.RequestMappingHandlerAdapter - Looking for @ControllerAdvice: org.springframework.boot.context.embedded.AnnotationConfigEmbeddedWebApplicationContext@2c78e214: startup date [Fri Dec 21 15:10:22 GMT+08:00 2018]; root of context hierarchy 
2018-12-21 15:10:29 7858 [restartedMain] INFO  o.s.w.s.h.SimpleUrlHandlerMapping - Mapped URL path [/webjars/**] onto handler of type [class org.springframework.web.servlet.resource.ResourceHttpRequestHandler] 
2018-12-21 15:10:29 7858 [restartedMain] INFO  o.s.w.s.h.SimpleUrlHandlerMapping - Mapped URL path [/**] onto handler of type [class org.springframework.web.servlet.resource.ResourceHttpRequestHandler] 
2018-12-21 15:10:29 7916 [restartedMain] INFO  o.s.w.s.h.SimpleUrlHandlerMapping - Mapped URL path [/**/favicon.ico] onto handler of type [class org.springframework.web.servlet.resource.ResourceHttpRequestHandler] 
2018-12-21 15:10:29 8261 [restartedMain] INFO  o.s.w.s.v.f.FreeMarkerConfigurer - ClassTemplateLoader for Spring macros added to FreeMarker configuration 
2018-12-21 15:10:29 8494 [restartedMain] INFO  o.s.b.d.a.OptionalLiveReloadServer - LiveReload server is running on port 35729 
2018-12-21 15:10:30 8773 [restartedMain] INFO  o.s.j.e.a.AnnotationMBeanExporter - Registering beans for JMX exposure on startup 
2018-12-21 15:10:30 8775 [restartedMain] INFO  o.s.j.e.a.AnnotationMBeanExporter - Bean with name 'dataSource' has been autodetected for JMX exposure 
2018-12-21 15:10:30 8782 [restartedMain] INFO  o.s.j.e.a.AnnotationMBeanExporter - Located MBean 'dataSource': registering with JMX server as MBean [com.alibaba.druid.pool:name=dataSource,type=DruidDataSource] 
2018-12-21 15:10:30 8787 [restartedMain] INFO  o.s.c.s.DefaultLifecycleProcessor - Starting beans in phase 2147483647 
2018-12-21 15:10:30 8787 [restartedMain] INFO  s.d.s.w.p.DocumentationPluginsBootstrapper - Context refreshed 
2018-12-21 15:10:30 8813 [restartedMain] INFO  s.d.s.w.p.DocumentationPluginsBootstrapper - Found 1 custom documentation plugin(s) 
2018-12-21 15:10:30 8881 [restartedMain] INFO  s.d.s.w.s.ApiListingReferenceScanner - Scanning for api listing references 
2018-12-21 15:10:30 9445 [restartedMain] INFO  o.a.coyote.http11.Http11NioProtocol - Initializing ProtocolHandler ["http-nio-8080"] 
2018-12-21 15:10:30 9461 [restartedMain] INFO  o.a.coyote.http11.Http11NioProtocol - Starting ProtocolHandler ["http-nio-8080"] 
2018-12-21 15:10:30 9475 [restartedMain] INFO  o.a.tomcat.util.net.NioSelectorPool - Using a shared selector for servlet write/read 
2018-12-21 15:10:30 9502 [restartedMain] INFO  o.s.b.c.e.t.TomcatEmbeddedServletContainer - Tomcat started on port(s): 8080 (http) 
2018-12-21 15:10:30 9509 [restartedMain] INFO  c.g.xinbaoli.XinbaoliApplication - Started XinbaoliApplication in 9.256 seconds (JVM running for 9.796) 
